<?xml version="1.0" encoding="utf-8"?><testsuites name="pytest tests"><testsuite name="pytest" errors="0" failures="0" skipped="0" tests="8" time="3.393" timestamp="2026-04-28T06:26:09.709457+00:00" hostname="agent-env-5b76d567-0080-450b-9ba7-4ffc17b84d2f"><testcase classname="backend.tests.backend_test.TestHealth" name="test_root_returns_shop_name" time="0.277" /><testcase classname="backend.tests.backend_test.TestStock" name="test_list_stock_empty_sheet" time="0.718" /><testcase classname="backend.tests.backend_test.TestStock" name="test_get_stock_unavailable_or_notfound" time="0.627" /><testcase classname="backend.tests.backend_test.TestInvoices" name="test_create_invoice_math_and_persistence" time="0.346" /><testcase classname="backend.tests.backend_test.TestInvoices" name="test_invoice_number_increments" time="0.846" /><testcase classname="backend.tests.backend_test.TestInvoices" name="test_invoice_no_vat" time="0.214" /><testcase classname="backend.tests.backend_test.TestInvoices" name="test_list_invoices_sorted_desc" time="0.046" /><testcase classname="backend.tests.backend_test.TestInvoices" name="test_email_graceful_failure_invoice_saved" time="0.251" /></testsuite></testsuites>